<?xml version="1.0" encoding="UTF-8"?>
<!-- Generated by org.testng.reporters.JUnitXMLReporter -->
<testsuite ignored="0" hostname="DESKTOP-V8Q09RC" failures="0" tests="6" name="Default test" time="0.221" errors="0" timestamp="2025-05-21T15:01:28 IST">
  <testcase classname="org.web.Execution2" name="meth3" time="0.014"/>
  <testcase classname="org.web.Execution2" name="meth1" time="0.013"/>
  <testcase classname="org.web.Execution2" name="meth2" time="0.009"/>
  <testcase classname="org.web.Execution2" name="meth2" time="0.004"/>
  <testcase classname="org.web.Execution2" name="meth2" time="0.005"/>
  <testcase classname="org.web.Execution2" name="meth2" time="0.004"/>
</testsuite> <!-- Default test -->
