<?xml version="1.0" encoding="UTF-8"?>
<!-- Generated by org.testng.reporters.JUnitXMLReporter -->
<testsuite ignored="0" hostname="DESKTOP-V8Q09RC" failures="0" tests="12" name="Test" time="0.27" errors="0" timestamp="2025-05-21T15:19:13 IST">
  <testcase classname="org.web.Exectution1" name="meth2" time="0.026"/>
  <testcase classname="org.web.Execution2" name="meth3" time="0.025"/>
  <testcase classname="org.web.Execution2" name="meth1" time="0.045"/>
  <testcase classname="org.web.Exectution1" name="meth1" time="0.057"/>
  <testcase classname="org.web.Exectution1" name="meth3" time="0.068"/>
  <testcase classname="org.web.Exectution1" name="meth2" time="0.031"/>
  <testcase classname="org.web.Exectution1" name="meth2" time="0.001"/>
  <testcase classname="org.web.Exectution1" name="meth2" time="0.004"/>
  <testcase classname="org.web.Execution2" name="meth2" time="0.002"/>
  <testcase classname="org.web.Execution2" name="meth2" time="0.002"/>
  <testcase classname="org.web.Execution2" name="meth2" time="0.003"/>
  <testcase classname="org.web.Execution2" name="meth2" time="0.002"/>
</testsuite> <!-- Test -->
