<?xml version="1.0" encoding="UTF-8"?>
<testng-results ignored="0" total="12" passed="12" failed="0" skipped="0">
  <reporter-output>
  </reporter-output>
  <suite started-at="2025-05-21T15:19:12 IST" name="Suite" finished-at="2025-05-21T15:19:13 IST" duration-ms="270">
    <groups>
    </groups>
    <test started-at="2025-05-21T15:19:12 IST" name="Test" finished-at="2025-05-21T15:19:13 IST" duration-ms="270">
      <class name="org.web.Exectution1">
        <test-method is-config="true" signature="methBSuite()[pri:0, instance:org.web.Exectution1@4a8355dd]" started-at="2025-05-21T15:19:12 IST" name="methBSuite" finished-at="2025-05-21T15:19:12 IST" duration-ms="48" status="PASS">
          <reporter-output>
          </reporter-output>
        </test-method> <!-- methBSuite -->
        <test-method is-config="true" signature="methBTest()[pri:0, instance:org.web.Exectution1@4a8355dd]" started-at="2025-05-21T15:19:12 IST" name="methBTest" finished-at="2025-05-21T15:19:12 IST" duration-ms="1" status="PASS">
          <reporter-output>
          </reporter-output>
        </test-method> <!-- methBTest -->
        <test-method is-config="true" signature="methBClass()[pri:0, instance:org.web.Exectution1@4a8355dd]" started-at="2025-05-21T15:19:12 IST" name="methBClass" finished-at="2025-05-21T15:19:12 IST" duration-ms="1" status="PASS">
          <reporter-output>
          </reporter-output>
        </test-method> <!-- methBClass -->
        <test-method is-config="true" signature="methBMethod()[pri:0, instance:org.web.Exectution1@4a8355dd]" started-at="2025-05-21T15:19:12 IST" name="methBMethod" finished-at="2025-05-21T15:19:12 IST" duration-ms="1" status="PASS">
          <reporter-output>
          </reporter-output>
        </test-method> <!-- methBMethod -->
        <test-method is-config="true" signature="methBMethod()[pri:0, instance:org.web.Exectution1@4a8355dd]" started-at="2025-05-21T15:19:12 IST" name="methBMethod" finished-at="2025-05-21T15:19:12 IST" duration-ms="1" status="PASS">
          <reporter-output>
          </reporter-output>
        </test-method> <!-- methBMethod -->
        <test-method signature="meth3()[pri:-3, instance:org.web.Exectution1@4a8355dd]" started-at="2025-05-21T15:19:12 IST" name="meth3" finished-at="2025-05-21T15:19:13 IST" duration-ms="68" status="PASS">
          <reporter-output>
          </reporter-output>
        </test-method> <!-- meth3 -->
        <test-method signature="meth2()[pri:0, instance:org.web.Exectution1@4a8355dd]" started-at="2025-05-21T15:19:12 IST" name="meth2" finished-at="2025-05-21T15:19:12 IST" duration-ms="26" status="PASS">
          <reporter-output>
          </reporter-output>
        </test-method> <!-- meth2 -->
        <test-method signature="meth1()[pri:0, instance:org.web.Exectution1@4a8355dd]" started-at="2025-05-21T15:19:12 IST" name="meth1" finished-at="2025-05-21T15:19:13 IST" duration-ms="57" status="PASS">
          <reporter-output>
          </reporter-output>
        </test-method> <!-- meth1 -->
        <test-method is-config="true" signature="methBMethod()[pri:0, instance:org.web.Exectution1@4a8355dd]" started-at="2025-05-21T15:19:12 IST" name="methBMethod" finished-at="2025-05-21T15:19:12 IST" duration-ms="0" status="PASS">
          <reporter-output>
          </reporter-output>
        </test-method> <!-- methBMethod -->
        <test-method is-config="true" signature="methAMethod()[pri:0, instance:org.web.Exectution1@4a8355dd]" started-at="2025-05-21T15:19:12 IST" name="methAMethod" finished-at="2025-05-21T15:19:12 IST" duration-ms="1" status="PASS">
          <reporter-output>
          </reporter-output>
        </test-method> <!-- methAMethod -->
        <test-method is-config="true" signature="methBMethod()[pri:0, instance:org.web.Exectution1@4a8355dd]" started-at="2025-05-21T15:19:12 IST" name="methBMethod" finished-at="2025-05-21T15:19:12 IST" duration-ms="1" status="PASS">
          <reporter-output>
          </reporter-output>
        </test-method> <!-- methBMethod -->
        <test-method signature="meth2()[pri:0, instance:org.web.Exectution1@4a8355dd]" started-at="2025-05-21T15:19:12 IST" name="meth2" finished-at="2025-05-21T15:19:13 IST" duration-ms="31" status="PASS">
          <reporter-output>
          </reporter-output>
        </test-method> <!-- meth2 -->
        <test-method is-config="true" signature="methAMethod()[pri:0, instance:org.web.Exectution1@4a8355dd]" started-at="2025-05-21T15:19:13 IST" name="methAMethod" finished-at="2025-05-21T15:19:13 IST" duration-ms="1" status="PASS">
          <reporter-output>
          </reporter-output>
        </test-method> <!-- methAMethod -->
        <test-method is-config="true" signature="methAMethod()[pri:0, instance:org.web.Exectution1@4a8355dd]" started-at="2025-05-21T15:19:13 IST" name="methAMethod" finished-at="2025-05-21T15:19:13 IST" duration-ms="1" status="PASS">
          <reporter-output>
          </reporter-output>
        </test-method> <!-- methAMethod -->
        <test-method is-config="true" signature="methAMethod()[pri:0, instance:org.web.Exectution1@4a8355dd]" started-at="2025-05-21T15:19:13 IST" name="methAMethod" finished-at="2025-05-21T15:19:13 IST" duration-ms="1" status="PASS">
          <reporter-output>
          </reporter-output>
        </test-method> <!-- methAMethod -->
        <test-method is-config="true" signature="methBMethod()[pri:0, instance:org.web.Exectution1@4a8355dd]" started-at="2025-05-21T15:19:13 IST" name="methBMethod" finished-at="2025-05-21T15:19:13 IST" duration-ms="1" status="PASS">
          <reporter-output>
          </reporter-output>
        </test-method> <!-- methBMethod -->
        <test-method signature="meth2()[pri:0, instance:org.web.Exectution1@4a8355dd]" started-at="2025-05-21T15:19:13 IST" name="meth2" finished-at="2025-05-21T15:19:13 IST" duration-ms="1" status="PASS">
          <reporter-output>
          </reporter-output>
        </test-method> <!-- meth2 -->
        <test-method is-config="true" signature="methAMethod()[pri:0, instance:org.web.Exectution1@4a8355dd]" started-at="2025-05-21T15:19:13 IST" name="methAMethod" finished-at="2025-05-21T15:19:13 IST" duration-ms="1" status="PASS">
          <reporter-output>
          </reporter-output>
        </test-method> <!-- methAMethod -->
        <test-method is-config="true" signature="methBMethod()[pri:0, instance:org.web.Exectution1@4a8355dd]" started-at="2025-05-21T15:19:13 IST" name="methBMethod" finished-at="2025-05-21T15:19:13 IST" duration-ms="1" status="PASS">
          <reporter-output>
          </reporter-output>
        </test-method> <!-- methBMethod -->
        <test-method signature="meth2()[pri:0, instance:org.web.Exectution1@4a8355dd]" started-at="2025-05-21T15:19:13 IST" name="meth2" finished-at="2025-05-21T15:19:13 IST" duration-ms="4" status="PASS">
          <reporter-output>
          </reporter-output>
        </test-method> <!-- meth2 -->
        <test-method is-config="true" signature="methAMethod()[pri:0, instance:org.web.Exectution1@4a8355dd]" started-at="2025-05-21T15:19:13 IST" name="methAMethod" finished-at="2025-05-21T15:19:13 IST" duration-ms="8" status="PASS">
          <reporter-output>
          </reporter-output>
        </test-method> <!-- methAMethod -->
        <test-method is-config="true" signature="methAClass()[pri:0, instance:org.web.Exectution1@4a8355dd]" started-at="2025-05-21T15:19:13 IST" name="methAClass" finished-at="2025-05-21T15:19:13 IST" duration-ms="1" status="PASS">
          <reporter-output>
          </reporter-output>
        </test-method> <!-- methAClass -->
        <test-method is-config="true" signature="methATest()[pri:0, instance:org.web.Exectution1@4a8355dd]" started-at="2025-05-21T15:19:13 IST" name="methATest" finished-at="2025-05-21T15:19:13 IST" duration-ms="1" status="PASS">
          <reporter-output>
          </reporter-output>
        </test-method> <!-- methATest -->
        <test-method is-config="true" signature="methASuite()[pri:0, instance:org.web.Exectution1@4a8355dd]" started-at="2025-05-21T15:19:13 IST" name="methASuite" finished-at="2025-05-21T15:19:13 IST" duration-ms="1" status="PASS">
          <reporter-output>
          </reporter-output>
        </test-method> <!-- methASuite -->
      </class> <!-- org.web.Exectution1 -->
      <class name="org.web.Execution2">
        <test-method is-config="true" signature="methBSuite()[pri:0, instance:org.web.Execution2@66982506]" started-at="2025-05-21T15:19:12 IST" name="methBSuite" finished-at="2025-05-21T15:19:12 IST" duration-ms="1" status="PASS">
          <reporter-output>
          </reporter-output>
        </test-method> <!-- methBSuite -->
        <test-method is-config="true" signature="methBTest()[pri:0, instance:org.web.Execution2@66982506]" started-at="2025-05-21T15:19:12 IST" name="methBTest" finished-at="2025-05-21T15:19:12 IST" duration-ms="0" status="PASS">
          <reporter-output>
          </reporter-output>
        </test-method> <!-- methBTest -->
        <test-method is-config="true" signature="methBClass()[pri:0, instance:org.web.Execution2@66982506]" started-at="2025-05-21T15:19:12 IST" name="methBClass" finished-at="2025-05-21T15:19:12 IST" duration-ms="2" status="PASS">
          <reporter-output>
          </reporter-output>
        </test-method> <!-- methBClass -->
        <test-method is-config="true" signature="methBMethod()[pri:0, instance:org.web.Execution2@66982506]" started-at="2025-05-21T15:19:12 IST" name="methBMethod" finished-at="2025-05-21T15:19:12 IST" duration-ms="3" status="PASS">
          <reporter-output>
          </reporter-output>
        </test-method> <!-- methBMethod -->
        <test-method is-config="true" signature="methBMethod()[pri:0, instance:org.web.Execution2@66982506]" started-at="2025-05-21T15:19:12 IST" name="methBMethod" finished-at="2025-05-21T15:19:12 IST" duration-ms="1" status="PASS">
          <reporter-output>
          </reporter-output>
        </test-method> <!-- methBMethod -->
        <test-method signature="meth3()[pri:-3, instance:org.web.Execution2@66982506]" started-at="2025-05-21T15:19:12 IST" name="meth3" finished-at="2025-05-21T15:19:12 IST" duration-ms="25" status="PASS">
          <reporter-output>
          </reporter-output>
        </test-method> <!-- meth3 -->
        <test-method signature="meth1()[pri:0, instance:org.web.Execution2@66982506]" started-at="2025-05-21T15:19:12 IST" name="meth1" finished-at="2025-05-21T15:19:13 IST" duration-ms="45" status="PASS">
          <reporter-output>
          </reporter-output>
        </test-method> <!-- meth1 -->
        <test-method is-config="true" signature="methAMethod()[pri:0, instance:org.web.Execution2@66982506]" started-at="2025-05-21T15:19:13 IST" name="methAMethod" finished-at="2025-05-21T15:19:13 IST" duration-ms="7" status="PASS">
          <reporter-output>
          </reporter-output>
        </test-method> <!-- methAMethod -->
        <test-method is-config="true" signature="methBMethod()[pri:0, instance:org.web.Execution2@66982506]" started-at="2025-05-21T15:19:13 IST" name="methBMethod" finished-at="2025-05-21T15:19:13 IST" duration-ms="2" status="PASS">
          <reporter-output>
          </reporter-output>
        </test-method> <!-- methBMethod -->
        <test-method is-config="true" signature="methAMethod()[pri:0, instance:org.web.Execution2@66982506]" started-at="2025-05-21T15:19:13 IST" name="methAMethod" finished-at="2025-05-21T15:19:13 IST" duration-ms="0" status="PASS">
          <reporter-output>
          </reporter-output>
        </test-method> <!-- methAMethod -->
        <test-method signature="meth2()[pri:0, instance:org.web.Execution2@66982506]" started-at="2025-05-21T15:19:13 IST" name="meth2" finished-at="2025-05-21T15:19:13 IST" duration-ms="2" status="PASS">
          <reporter-output>
          </reporter-output>
        </test-method> <!-- meth2 -->
        <test-method is-config="true" signature="methAMethod()[pri:0, instance:org.web.Execution2@66982506]" started-at="2025-05-21T15:19:13 IST" name="methAMethod" finished-at="2025-05-21T15:19:13 IST" duration-ms="1" status="PASS">
          <reporter-output>
          </reporter-output>
        </test-method> <!-- methAMethod -->
        <test-method is-config="true" signature="methBMethod()[pri:0, instance:org.web.Execution2@66982506]" started-at="2025-05-21T15:19:13 IST" name="methBMethod" finished-at="2025-05-21T15:19:13 IST" duration-ms="0" status="PASS">
          <reporter-output>
          </reporter-output>
        </test-method> <!-- methBMethod -->
        <test-method signature="meth2()[pri:0, instance:org.web.Execution2@66982506]" started-at="2025-05-21T15:19:13 IST" name="meth2" finished-at="2025-05-21T15:19:13 IST" duration-ms="2" status="PASS">
          <reporter-output>
          </reporter-output>
        </test-method> <!-- meth2 -->
        <test-method is-config="true" signature="methAMethod()[pri:0, instance:org.web.Execution2@66982506]" started-at="2025-05-21T15:19:13 IST" name="methAMethod" finished-at="2025-05-21T15:19:13 IST" duration-ms="1" status="PASS">
          <reporter-output>
          </reporter-output>
        </test-method> <!-- methAMethod -->
        <test-method is-config="true" signature="methBMethod()[pri:0, instance:org.web.Execution2@66982506]" started-at="2025-05-21T15:19:13 IST" name="methBMethod" finished-at="2025-05-21T15:19:13 IST" duration-ms="3" status="PASS">
          <reporter-output>
          </reporter-output>
        </test-method> <!-- methBMethod -->
        <test-method signature="meth2()[pri:0, instance:org.web.Execution2@66982506]" started-at="2025-05-21T15:19:13 IST" name="meth2" finished-at="2025-05-21T15:19:13 IST" duration-ms="3" status="PASS">
          <reporter-output>
          </reporter-output>
        </test-method> <!-- meth2 -->
        <test-method is-config="true" signature="methAMethod()[pri:0, instance:org.web.Execution2@66982506]" started-at="2025-05-21T15:19:13 IST" name="methAMethod" finished-at="2025-05-21T15:19:13 IST" duration-ms="1" status="PASS">
          <reporter-output>
          </reporter-output>
        </test-method> <!-- methAMethod -->
        <test-method is-config="true" signature="methBMethod()[pri:0, instance:org.web.Execution2@66982506]" started-at="2025-05-21T15:19:13 IST" name="methBMethod" finished-at="2025-05-21T15:19:13 IST" duration-ms="1" status="PASS">
          <reporter-output>
          </reporter-output>
        </test-method> <!-- methBMethod -->
        <test-method signature="meth2()[pri:0, instance:org.web.Execution2@66982506]" started-at="2025-05-21T15:19:13 IST" name="meth2" finished-at="2025-05-21T15:19:13 IST" duration-ms="2" status="PASS">
          <reporter-output>
          </reporter-output>
        </test-method> <!-- meth2 -->
        <test-method is-config="true" signature="methAMethod()[pri:0, instance:org.web.Execution2@66982506]" started-at="2025-05-21T15:19:13 IST" name="methAMethod" finished-at="2025-05-21T15:19:13 IST" duration-ms="1" status="PASS">
          <reporter-output>
          </reporter-output>
        </test-method> <!-- methAMethod -->
        <test-method is-config="true" signature="methAClass()[pri:0, instance:org.web.Execution2@66982506]" started-at="2025-05-21T15:19:13 IST" name="methAClass" finished-at="2025-05-21T15:19:13 IST" duration-ms="1" status="PASS">
          <reporter-output>
          </reporter-output>
        </test-method> <!-- methAClass -->
        <test-method is-config="true" signature="methATest()[pri:0, instance:org.web.Execution2@66982506]" started-at="2025-05-21T15:19:13 IST" name="methATest" finished-at="2025-05-21T15:19:13 IST" duration-ms="1" status="PASS">
          <reporter-output>
          </reporter-output>
        </test-method> <!-- methATest -->
        <test-method is-config="true" signature="methASuite()[pri:0, instance:org.web.Execution2@66982506]" started-at="2025-05-21T15:19:13 IST" name="methASuite" finished-at="2025-05-21T15:19:13 IST" duration-ms="1" status="PASS">
          <reporter-output>
          </reporter-output>
        </test-method> <!-- methASuite -->
      </class> <!-- org.web.Execution2 -->
    </test> <!-- Test -->
  </suite> <!-- Suite -->
</testng-results>
